<?xml version="1.0" encoding="UTF-8"?>
<!-- Generated by org.testng.reporters.JUnitReportReporter -->
<testsuite hostname="DESKTOP-2J5KE05" failures="0" tests="3" name="testNGProgram.TestNGAnnotation" time="0.009" errors="0" timestamp="2022-05-16T23:30:24 IST" skipped="0">
  <testcase classname="testNGProgram.TestNGAnnotation" name="testcase3" time="0.002"/>
  <system-out/>
  <testcase classname="testNGProgram.TestNGAnnotation" name="testCase1" time="0.005"/>
  <system-out/>
  <testcase classname="testNGProgram.TestNGAnnotation" name="testcase2" time="0.002"/>
  <system-out/>
</testsuite> <!-- testNGProgram.TestNGAnnotation -->
