<?xml version="1.0" encoding="UTF-8"?>
<!-- Generated by org.testng.reporters.JUnitReportReporter -->
<testsuite hostname="DESKTOP-2J5KE05" failures="0" tests="7" name="testNGKeyWords.InvocationCount" time="0.015" errors="0" timestamp="2022-05-12T10:41:48 IST" skipped="0">
  <testcase classname="testNGKeyWords.InvocationCount" name="addition" time="0.001"/>
  <system-out/>
  <testcase classname="testNGKeyWords.InvocationCount" name="addition" time="0.007"/>
  <system-out/>
  <testcase classname="testNGKeyWords.InvocationCount" name="addition" time="0.001"/>
  <system-out/>
  <testcase classname="testNGKeyWords.InvocationCount" name="addition" time="0.001"/>
  <system-out/>
  <testcase classname="testNGKeyWords.InvocationCount" name="addition" time="0.003"/>
  <system-out/>
  <testcase classname="testNGKeyWords.InvocationCount" name="addition" time="0.001"/>
  <system-out/>
  <testcase classname="testNGKeyWords.InvocationCount" name="addition" time="0.001"/>
  <system-out/>
</testsuite> <!-- testNGKeyWords.InvocationCount -->
