<?xml version="1.0" encoding="UTF-8"?>
<!-- Generated by org.testng.reporters.JUnitReportReporter -->
<testsuite hostname="DESKTOP-2J5KE05" failures="0" tests="1" name="testNGKeyWords.ExpectedKeyWord" time="0.007" errors="0" timestamp="2022-05-11T13:59:34 IST" skipped="0">
  <testcase classname="testNGKeyWords.ExpectedKeyWord" name="demo" time="0.007"/>
  <system-out/>
</testsuite> <!-- testNGKeyWords.ExpectedKeyWord -->
