<?xml version="1.0" encoding="UTF-8"?>
<!-- Generated by org.testng.reporters.JUnitReportReporter -->
<testsuite hostname="DESKTOP-2J5KE05" failures="0" tests="5" name="testNGKeyWords.GroupsKeyword" time="0.031" errors="0" timestamp="2022-05-19T13:08:09 IST" skipped="0">
  <testcase classname="testNGKeyWords.GroupsKeyword" name="testcase2" time="0.008"/>
  <system-out/>
  <testcase classname="testNGKeyWords.GroupsKeyword" name="testcase1" time="0.005"/>
  <system-out/>
  <testcase classname="testNGKeyWords.GroupsKeyword" name="testcase3" time="0.002"/>
  <system-out/>
  <testcase classname="testNGKeyWords.GroupsKeyword" name="testcase4" time="0.007"/>
  <system-out/>
  <testcase classname="testNGKeyWords.GroupsKeyword" name="testcase5" time="0.009"/>
  <system-out/>
</testsuite> <!-- testNGKeyWords.GroupsKeyword -->
